<?xml version="1.0" encoding="UTF-8"?>
<testsuites tests="3" failures="2" errors="0" skipped="1">
  <testsuite name="FloorPlan Suite" timestamp="2025-03-14T17:11:58" time="164.024" tests="3" failures="2" errors="0" skipped="1">
    <properties>
      <property name="specId" value="0"/>
      <property name="suiteName" value="FloorPlan Suite"/>
      <property name="capabilities" value="chrome.134_0_6998_89.mac"/>
      <property name="file" value="file://./test/specs/floorPlan.specs.js"/>
    </properties>
    <testcase classname="chrome.134_0_6998_89.mac.FloorPlan_Suite" name="TC1" time="103.93">
      <failure message="Timeout"/>
      <system-out><![CDATA[
COMMAND: POST /session/8733a1ea1a715e0e4ee23f7a27d42113/window/maximize - {}
RESULT: {}
COMMAND: POST /session/8733a1ea1a715e0e4ee23f7a27d42113/element - {"using":"xpath","value":"//input[@name=\"username\"]"}
RESULT: {"using":"xpath","value":"//input[@name=\"username\"]"}
COMMAND: GET /session/8733a1ea1a715e0e4ee23f7a27d42113/element/f.2231980FC45C50CED1BA0B19148D54CC.d.F2C39F66B73DB7A9C182B4CDD0319461.e.4/css/display - {}
RESULT: {}
COMMAND: POST /session/8733a1ea1a715e0e4ee23f7a27d42113/element/f.2231980FC45C50CED1BA0B19148D54CC.d.F2C39F66B73DB7A9C182B4CDD0319461.e.4/clear - {}
RESULT: {}
COMMAND: POST /session/8733a1ea1a715e0e4ee23f7a27d42113/element/f.2231980FC45C50CED1BA0B19148D54CC.d.F2C39F66B73DB7A9C182B4CDD0319461.e.4/value - {"text":"sl"}
RESULT: {"text":"sl"}
COMMAND: POST /session/8733a1ea1a715e0e4ee23f7a27d42113/element/f.2231980FC45C50CED1BA0B19148D54CC.d.F2C39F66B73DB7A9C182B4CDD0319461.e.5/clear - {}
RESULT: {}
COMMAND: POST /session/8733a1ea1a715e0e4ee23f7a27d42113/element/f.2231980FC45C50CED1BA0B19148D54CC.d.F2C39F66B73DB7A9C182B4CDD0319461.e.5/value - {"text":"getin1"}
RESULT: {"text":"getin1"}
COMMAND: POST /session/8733a1ea1a715e0e4ee23f7a27d42113/element/f.2231980FC45C50CED1BA0B19148D54CC.d.F2C39F66B73DB7A9C182B4CDD0319461.e.6/click - {}
RESULT: {}
COMMAND: GET /session/8733a1ea1a715e0e4ee23f7a27d42113/screenshot - {}
RESULT: {}
RESULT: undefined
COMMAND: POST /session/8733a1ea1a715e0e4ee23f7a27d42113/window/maximize - {}
RESULT: {}
COMMAND: GET /session/8733a1ea1a715e0e4ee23f7a27d42113/screenshot - {}
]]></system-out>
      <system-err><![CDATA[
Error: Timeout
    at listOnTimeout (node:internal/timers:569:17)
    at process.processTimers (node:internal/timers:512:7)
]]></system-err>
    </testcase>
    <testcase classname="chrome.134_0_6998_89.mac.FloorPlan_Suite" name="TC2" time="0">
      <skipped/>
      <system-out><![CDATA[
COMMAND: POST /session/8733a1ea1a715e0e4ee23f7a27d42113/window/maximize - {}
COMMAND: DELETE /session/8733a1ea1a715e0e4ee23f7a27d42113 - {}
RESULT: {}
COMMAND: GET /session/8733a1ea1a715e0e4ee23f7a27d42113/window - {}
RESULT: {}
COMMAND: POST /session/8733a1ea1a715e0e4ee23f7a27d42113/window - {"handle":"32D66BA6696A4B4429D4CB311D29C36F"}
RESULT: {}
RESULT: {}
RESULT: {"handle":"32D66BA6696A4B4429D4CB311D29C36F"}
]]></system-out>
    </testcase>
    <testcase classname="chrome.134_0_6998_89.mac.FloorPlan_Suite" name="before each hook for FloorPlan Suite" time="60.084">
      <failure message="Failed to handle login process: waitUntil condition failed with the following reason: Command script.callFunction with id 67 (with the following parameter: {&quot;functionDeclaration&quot;:&quot;function anonymous(\n) {\nreturn (/* __wdio script__ */() => document.readyState/* __wdio script end__ */).apply(this, arguments);\n}&quot;,&quot;awaitPromise&quot;:true,&quot;arguments&quot;:[],&quot;target&quot;:{&quot;context&quot;:&quot;2231980FC45C50CED1BA0B19148D54CC&quot;}}) timed out"/>
      <system-err><![CDATA[
Error: Failed to handle login process: waitUntil condition failed with the following reason: Command script.callFunction with id 67 (with the following parameter: {"functionDeclaration":"function anonymous(\n) {\nreturn (/* __wdio script__ */() => document.readyState/* __wdio script end__ */).apply(this, arguments);\n}","awaitPromise":true,"arguments":[],"target":{"context":"2231980FC45C50CED1BA0B19148D54CC"}}) timed out
    at Floorplan.conditionalLogin (file:///Users/ahshamkhan/Desktop/Webdriver.io/Automated-Visual-Regression-Tests/test/pageobjects/page.js:174:15)
    at async Context.<anonymous> (file:///Users/ahshamkhan/Desktop/Webdriver.io/Automated-Visual-Regression-Tests/test/specs/floorPlan.specs.js:7:9)
]]></system-err>
    </testcase>
  </testsuite>
</testsuites>