<?xml version="1.0" encoding="UTF-8"?>
<testsuites tests="3" failures="2" errors="0" skipped="1">
  <testsuite name="FloorPlan Suite" timestamp="2025-03-20T10:58:35" time="165.402" tests="3" failures="2" errors="0" skipped="1">
    <properties>
      <property name="specId" value="0"/>
      <property name="suiteName" value="FloorPlan Suite"/>
      <property name="capabilities" value="chrome.134_0_6998_118.mac"/>
      <property name="file" value="file://./test/specs/floorPlan.specs.js"/>
    </properties>
    <testcase classname="chrome.134_0_6998_118.mac.FloorPlan_Suite" name="TC1" time="105.29">
      <failure message="Timeout"/>
      <system-out><![CDATA[
COMMAND: POST /session/12b0577b605f604e0a2cea877e3ee055/window/maximize - {}
RESULT: {}
COMMAND: POST /session/12b0577b605f604e0a2cea877e3ee055/element - {"using":"xpath","value":"//input[@name=\"username\"]"}
RESULT: {"using":"xpath","value":"//input[@name=\"username\"]"}
COMMAND: GET /session/12b0577b605f604e0a2cea877e3ee055/element/f.7F80859EB36147DD08DB888DC372BA6B.d.B966DAB8400F07BD8B97C66139379CED.e.4/css/display - {}
RESULT: {}
COMMAND: POST /session/12b0577b605f604e0a2cea877e3ee055/element/f.7F80859EB36147DD08DB888DC372BA6B.d.B966DAB8400F07BD8B97C66139379CED.e.4/clear - {}
RESULT: {}
COMMAND: POST /session/12b0577b605f604e0a2cea877e3ee055/element/f.7F80859EB36147DD08DB888DC372BA6B.d.B966DAB8400F07BD8B97C66139379CED.e.4/value - {"text":"sl"}
RESULT: {"text":"sl"}
COMMAND: POST /session/12b0577b605f604e0a2cea877e3ee055/element/f.7F80859EB36147DD08DB888DC372BA6B.d.B966DAB8400F07BD8B97C66139379CED.e.5/clear - {}
RESULT: {}
COMMAND: POST /session/12b0577b605f604e0a2cea877e3ee055/element/f.7F80859EB36147DD08DB888DC372BA6B.d.B966DAB8400F07BD8B97C66139379CED.e.5/value - {"text":"getin1"}
RESULT: {"text":"getin1"}
COMMAND: POST /session/12b0577b605f604e0a2cea877e3ee055/element/f.7F80859EB36147DD08DB888DC372BA6B.d.B966DAB8400F07BD8B97C66139379CED.e.6/click - {}
RESULT: {}
COMMAND: GET /session/12b0577b605f604e0a2cea877e3ee055/screenshot - {}
RESULT: {}
RESULT: undefined
COMMAND: POST /session/12b0577b605f604e0a2cea877e3ee055/window/maximize - {}
RESULT: {}
COMMAND: GET /session/12b0577b605f604e0a2cea877e3ee055/screenshot - {}
]]></system-out>
      <system-err><![CDATA[
Error: Timeout
    at listOnTimeout (node:internal/timers:569:17)
    at process.processTimers (node:internal/timers:512:7)
]]></system-err>
    </testcase>
    <testcase classname="chrome.134_0_6998_118.mac.FloorPlan_Suite" name="TC2" time="0">
      <skipped/>
      <system-out><![CDATA[
COMMAND: POST /session/12b0577b605f604e0a2cea877e3ee055/window/maximize - {}
COMMAND: DELETE /session/12b0577b605f604e0a2cea877e3ee055 - {}
RESULT: {}
COMMAND: GET /session/12b0577b605f604e0a2cea877e3ee055/window - {}
RESULT: {}
RESULT: {}
RESULT: {}
]]></system-out>
    </testcase>
    <testcase classname="chrome.134_0_6998_118.mac.FloorPlan_Suite" name="before each hook for FloorPlan Suite" time="60.106">
      <failure message="Failed to handle login process: waitUntil condition failed with the following reason: Command script.callFunction with id 65 (with the following parameter: {&quot;functionDeclaration&quot;:&quot;function anonymous(\n) {\nreturn (/* __wdio script__ */() => document.readyState/* __wdio script end__ */).apply(this, arguments);\n}&quot;,&quot;awaitPromise&quot;:true,&quot;arguments&quot;:[],&quot;target&quot;:{&quot;context&quot;:&quot;7F80859EB36147DD08DB888DC372BA6B&quot;}}) timed out"/>
      <system-err><![CDATA[
Error: Failed to handle login process: waitUntil condition failed with the following reason: Command script.callFunction with id 65 (with the following parameter: {"functionDeclaration":"function anonymous(\n) {\nreturn (/* __wdio script__ */() => document.readyState/* __wdio script end__ */).apply(this, arguments);\n}","awaitPromise":true,"arguments":[],"target":{"context":"7F80859EB36147DD08DB888DC372BA6B"}}) timed out
    at Floorplan.conditionalLogin (file:///Users/ahshamkhan/Desktop/Webdriver.io/Automated-Visual-Regression-Tests/test/pageobjects/page.js:174:15)
    at listOnTimeout (node:internal/timers:538:9)
    at process.processTimers (node:internal/timers:512:7)
    at async Context.<anonymous> (file:///Users/ahshamkhan/Desktop/Webdriver.io/Automated-Visual-Regression-Tests/test/specs/floorPlan.specs.js:7:9)
]]></system-err>
    </testcase>
  </testsuite>
</testsuites>