<?xml version="1.0" encoding="UTF-8"?>
<testsuites tests="2" failures="2" errors="0" skipped="0">
  <testsuite name="FloorPlan Suite" timestamp="2025-03-20T10:55:16" time="53.713" tests="2" failures="2" errors="0" skipped="0">
    <properties>
      <property name="specId" value="0"/>
      <property name="suiteName" value="FloorPlan Suite"/>
      <property name="capabilities" value="chrome.134_0_6998_118.mac"/>
      <property name="file" value="file://./test/specs/floorPlan.specs.js"/>
    </properties>
    <testcase classname="chrome.134_0_6998_118.mac.FloorPlan_Suite" name="TC1" time="42.272">
      <failure message="WebDriver Bidi command &quot;script.callFunction&quot; failed with error: unknown error - Cannot find context with specified id"/>
      <system-out><![CDATA[
COMMAND: POST /session/78a9fbce08312310f4ab48f47a098962/window/maximize - {}
RESULT: {}
COMMAND: POST /session/78a9fbce08312310f4ab48f47a098962/url - {"url":"https://stage.bayut.sector.run/floorplans/"}
RESULT: {"url":"https://stage.bayut.sector.run/floorplans/"}
COMMAND: GET /session/78a9fbce08312310f4ab48f47a098962/screenshot - {}
RESULT: {}
RESULT: undefined
COMMAND: POST /session/78a9fbce08312310f4ab48f47a098962/window/maximize - {}
RESULT: {}
]]></system-out>
      <system-err><![CDATA[
Error: WebDriver Bidi command "script.callFunction" failed with error: unknown error - Cannot find context with specified id

Driver Stack:
    at Error
    at     at new UnknownErrorException (<anonymous>:65:4788)
    at     at CommandProcessor.processCommand (<anonymous>:453:9877)
]]></system-err>
    </testcase>
    <testcase classname="chrome.134_0_6998_118.mac.FloorPlan_Suite" name="TC2" time="11.434">
      <failure message="Can't call scrollIntoView on element with selector &quot;//h2[text()=&quot;UAE Location List&quot;]&quot; because element wasn't found"/>
      <system-out><![CDATA[
COMMAND: POST /session/78a9fbce08312310f4ab48f47a098962/window/maximize - {}
RESULT: {}
COMMAND: POST /session/78a9fbce08312310f4ab48f47a098962/element - {"using":"xpath","value":"//h2[text()=\"UAE Location List\"]"}
RESULT: {"using":"xpath","value":"//h2[text()=\"UAE Location List\"]"}
COMMAND: DELETE /session/78a9fbce08312310f4ab48f47a098962 - {}
RESULT: {}
]]></system-out>
      <system-err><![CDATA[
Error: Can't call scrollIntoView on element with selector "//h2[text()="UAE Location List"]" because element wasn't found
    at async Floorplan.ScrollElement (file:///Users/ahshamkhan/Desktop/Webdriver.io/Automated-Visual-Regression-Tests/test/pageobjects/page.js:81:9)
    at async Floorplan.verifyUaeLocLists (file:///Users/ahshamkhan/Desktop/Webdriver.io/Automated-Visual-Regression-Tests/test/pageobjects/floorplan.page.js:19:9)
    at async file:///Users/ahshamkhan/Desktop/Webdriver.io/Automated-Visual-Regression-Tests/test/specs/floorPlan.specs.js:18:126
    at async Floorplan.compareEnvironments (file:///Users/ahshamkhan/Desktop/Webdriver.io/Automated-Visual-Regression-Tests/test/pageobjects/page.js:124:21)
    at async Context.<anonymous> (file:///Users/ahshamkhan/Desktop/Webdriver.io/Automated-Visual-Regression-Tests/test/specs/floorPlan.specs.js:18:9)
]]></system-err>
    </testcase>
  </testsuite>
</testsuites>