<?xml version="1.0" encoding="UTF-8"?>
<testsuites tests="2" failures="2" errors="0" skipped="0">
  <testsuite name="AgentHomePage Suite" timestamp="2025-05-15T16:16:52" time="22.459" tests="2" failures="2" errors="0" skipped="0">
    <properties>
      <property name="specId" value="0"/>
      <property name="suiteName" value="AgentHomePage Suite"/>
      <property name="capabilities" value="chrome.136_0_7103_113.mac"/>
      <property name="file" value="file://./test/specs/agentHomepage.specs.js"/>
    </properties>
    <testcase classname="chrome.136_0_7103_113.mac.AgentHomePage_Suite" name="TC1" time="10.031">
      <failure message="Page did not load within the expected time"/>
      <system-out><![CDATA[
COMMAND: POST /session/6353a224533fce493a8739f3875161e7/window/maximize - {}
RESULT: {}
]]></system-out>
      <system-err><![CDATA[
Error: Page did not load within the expected time
    at async agentHomepage.waitForPageToLoad (file:///Users/ahshamkhan/Desktop/Webdriver.io/Automated-Visual-Regression-Tests/test/pageobjects/page.js:241:5)
    at async agentHomepage.compareEnvironments (file:///Users/ahshamkhan/Desktop/Webdriver.io/Automated-Visual-Regression-Tests/test/pageobjects/page.js:124:5)
    at async Context.<anonymous> (file:///Users/ahshamkhan/Desktop/Webdriver.io/Automated-Visual-Regression-Tests/test/specs/agentHomepage.specs.js:13:9)
]]></system-err>
    </testcase>
    <testcase classname="chrome.136_0_7103_113.mac.AgentHomePage_Suite" name="TC2" time="12.427">
      <failure message="Image differences detected (undefined% mismatch)"/>
      <system-out><![CDATA[
COMMAND: POST /session/6353a224533fce493a8739f3875161e7/url - {"url":"https://www.bayut.com/brokers/"}
RESULT: {"url":"https://www.bayut.com/brokers/"}
COMMAND: GET /session/6353a224533fce493a8739f3875161e7/screenshot - {}
RESULT: {}
COMMAND: GET /session/6353a224533fce493a8739f3875161e7/screenshot - {}
RESULT: {}
RESULT: undefined
COMMAND: GET /session/6353a224533fce493a8739f3875161e7/screenshot - {}
RESULT: {}
RESULT: undefined
COMMAND: DELETE /session/6353a224533fce493a8739f3875161e7 - {}
RESULT: {}
]]></system-out>
      <system-err><![CDATA[
Error: Image differences detected (undefined% mismatch)
    at agentHomepage.compareFullPageEnvironments (file:///Users/ahshamkhan/Desktop/Webdriver.io/Automated-Visual-Regression-Tests/test/pageobjects/page.js:200:15)
    at async Context.<anonymous> (file:///Users/ahshamkhan/Desktop/Webdriver.io/Automated-Visual-Regression-Tests/test/specs/agentHomepage.specs.js:24:9)
]]></system-err>
    </testcase>
  </testsuite>
</testsuites>