<?xml version="1.0" encoding="UTF-8"?>
<testsuites tests="3" failures="2" errors="0" skipped="1">
  <testsuite name="FloorPlan Suite" timestamp="2025-03-14T17:21:23" time="169.108" tests="3" failures="2" errors="0" skipped="1">
    <properties>
      <property name="specId" value="0"/>
      <property name="suiteName" value="FloorPlan Suite"/>
      <property name="capabilities" value="chrome.134_0_6998_89.mac"/>
      <property name="file" value="file://./test/specs/floorPlan.specs.js"/>
    </properties>
    <testcase classname="chrome.134_0_6998_89.mac.FloorPlan_Suite" name="TC1" time="109.009">
      <failure message="Timeout"/>
      <system-out><![CDATA[
COMMAND: POST /session/5528b8cd89693edb0e55cd359a5ef2ad/window/maximize - {}
RESULT: {}
COMMAND: POST /session/5528b8cd89693edb0e55cd359a5ef2ad/element - {"using":"xpath","value":"//input[@name=\"username\"]"}
RESULT: {"using":"xpath","value":"//input[@name=\"username\"]"}
COMMAND: GET /session/5528b8cd89693edb0e55cd359a5ef2ad/element/f.6283ED1620FA4DD9BF2BBA4256FA8570.d.2954E7320B2AE2085A4E5D661D46C361.e.4/css/display - {}
RESULT: {}
COMMAND: POST /session/5528b8cd89693edb0e55cd359a5ef2ad/element/f.6283ED1620FA4DD9BF2BBA4256FA8570.d.2954E7320B2AE2085A4E5D661D46C361.e.4/clear - {}
RESULT: {}
COMMAND: POST /session/5528b8cd89693edb0e55cd359a5ef2ad/element/f.6283ED1620FA4DD9BF2BBA4256FA8570.d.2954E7320B2AE2085A4E5D661D46C361.e.4/value - {"text":"sl"}
RESULT: {"text":"sl"}
COMMAND: POST /session/5528b8cd89693edb0e55cd359a5ef2ad/element/f.6283ED1620FA4DD9BF2BBA4256FA8570.d.2954E7320B2AE2085A4E5D661D46C361.e.5/clear - {}
RESULT: {}
COMMAND: POST /session/5528b8cd89693edb0e55cd359a5ef2ad/element/f.6283ED1620FA4DD9BF2BBA4256FA8570.d.2954E7320B2AE2085A4E5D661D46C361.e.5/value - {"text":"getin1"}
RESULT: {"text":"getin1"}
COMMAND: POST /session/5528b8cd89693edb0e55cd359a5ef2ad/element/f.6283ED1620FA4DD9BF2BBA4256FA8570.d.2954E7320B2AE2085A4E5D661D46C361.e.6/click - {}
RESULT: {}
COMMAND: GET /session/5528b8cd89693edb0e55cd359a5ef2ad/screenshot - {}
RESULT: {}
RESULT: undefined
COMMAND: POST /session/5528b8cd89693edb0e55cd359a5ef2ad/window/maximize - {}
RESULT: {}
COMMAND: GET /session/5528b8cd89693edb0e55cd359a5ef2ad/screenshot - {}
]]></system-out>
      <system-err><![CDATA[
Error: Timeout
    at listOnTimeout (node:internal/timers:569:17)
    at process.processTimers (node:internal/timers:512:7)
]]></system-err>
    </testcase>
    <testcase classname="chrome.134_0_6998_89.mac.FloorPlan_Suite" name="TC2" time="0">
      <skipped/>
      <system-out><![CDATA[
COMMAND: POST /session/5528b8cd89693edb0e55cd359a5ef2ad/window/maximize - {}
COMMAND: DELETE /session/5528b8cd89693edb0e55cd359a5ef2ad - {}
RESULT: {}
RESULT: {}
RESULT: {}
]]></system-out>
    </testcase>
    <testcase classname="chrome.134_0_6998_89.mac.FloorPlan_Suite" name="before each hook for FloorPlan Suite" time="60.084">
      <failure message="Failed to handle login process: waitUntil condition failed with the following reason: Command script.callFunction with id 56 (with the following parameter: {&quot;functionDeclaration&quot;:&quot;function anonymous(\n) {\nreturn (/* __wdio script__ */() => document.readyState/* __wdio script end__ */).apply(this, arguments);\n}&quot;,&quot;awaitPromise&quot;:true,&quot;arguments&quot;:[],&quot;target&quot;:{&quot;context&quot;:&quot;6283ED1620FA4DD9BF2BBA4256FA8570&quot;}}) timed out"/>
      <system-err><![CDATA[
Error: Failed to handle login process: waitUntil condition failed with the following reason: Command script.callFunction with id 56 (with the following parameter: {"functionDeclaration":"function anonymous(\n) {\nreturn (/* __wdio script__ */() => document.readyState/* __wdio script end__ */).apply(this, arguments);\n}","awaitPromise":true,"arguments":[],"target":{"context":"6283ED1620FA4DD9BF2BBA4256FA8570"}}) timed out
    at Floorplan.conditionalLogin (file:///Users/ahshamkhan/Desktop/Webdriver.io/Automated-Visual-Regression-Tests/test/pageobjects/page.js:174:15)
    at async Context.<anonymous> (file:///Users/ahshamkhan/Desktop/Webdriver.io/Automated-Visual-Regression-Tests/test/specs/floorPlan.specs.js:7:9)
]]></system-err>
    </testcase>
  </testsuite>
</testsuites>