<?xml version="1.0" encoding="UTF-8"?>
<testsuites tests="3" failures="2" errors="0" skipped="1">
  <testsuite name="FloorPlan Suite" timestamp="2025-03-21T17:38:10" time="169.873" tests="3" failures="2" errors="0" skipped="1">
    <properties>
      <property name="specId" value="0"/>
      <property name="suiteName" value="FloorPlan Suite"/>
      <property name="capabilities" value="chrome.134_0_6998_118.mac"/>
      <property name="file" value="file://./test/specs/floorPlan.specs.js"/>
    </properties>
    <testcase classname="chrome.134_0_6998_118.mac.FloorPlan_Suite" name="TC1" time="109.787">
      <failure message="Timeout"/>
      <system-out><![CDATA[
COMMAND: POST /session/1d18020c7df930dc65d996b09bbc4032/window/maximize - {}
RESULT: {}
COMMAND: POST /session/1d18020c7df930dc65d996b09bbc4032/element - {"using":"xpath","value":"//input[@name=\"username\"]"}
RESULT: {"using":"xpath","value":"//input[@name=\"username\"]"}
COMMAND: GET /session/1d18020c7df930dc65d996b09bbc4032/element/f.11C9712EDFF10A29114F28A507E4431B.d.BAD720C4150E73C1C4F2533DF639D2EB.e.4/css/display - {}
RESULT: {}
COMMAND: POST /session/1d18020c7df930dc65d996b09bbc4032/element/f.11C9712EDFF10A29114F28A507E4431B.d.BAD720C4150E73C1C4F2533DF639D2EB.e.4/clear - {}
RESULT: {}
COMMAND: POST /session/1d18020c7df930dc65d996b09bbc4032/element/f.11C9712EDFF10A29114F28A507E4431B.d.BAD720C4150E73C1C4F2533DF639D2EB.e.4/value - {"text":"sl"}
RESULT: {"text":"sl"}
COMMAND: POST /session/1d18020c7df930dc65d996b09bbc4032/element/f.11C9712EDFF10A29114F28A507E4431B.d.BAD720C4150E73C1C4F2533DF639D2EB.e.5/clear - {}
RESULT: {}
COMMAND: POST /session/1d18020c7df930dc65d996b09bbc4032/element/f.11C9712EDFF10A29114F28A507E4431B.d.BAD720C4150E73C1C4F2533DF639D2EB.e.5/value - {"text":"getin1"}
RESULT: {"text":"getin1"}
COMMAND: POST /session/1d18020c7df930dc65d996b09bbc4032/element/f.11C9712EDFF10A29114F28A507E4431B.d.BAD720C4150E73C1C4F2533DF639D2EB.e.6/click - {}
RESULT: {}
COMMAND: GET /session/1d18020c7df930dc65d996b09bbc4032/screenshot - {}
RESULT: {}
RESULT: undefined
COMMAND: POST /session/1d18020c7df930dc65d996b09bbc4032/window/maximize - {}
RESULT: {}
COMMAND: GET /session/1d18020c7df930dc65d996b09bbc4032/screenshot - {}
]]></system-out>
      <system-err><![CDATA[
Error: Timeout
    at listOnTimeout (node:internal/timers:569:17)
    at process.processTimers (node:internal/timers:512:7)
]]></system-err>
    </testcase>
    <testcase classname="chrome.134_0_6998_118.mac.FloorPlan_Suite" name="TC2" time="0">
      <skipped/>
      <system-out><![CDATA[
COMMAND: POST /session/1d18020c7df930dc65d996b09bbc4032/window/maximize - {}
COMMAND: DELETE /session/1d18020c7df930dc65d996b09bbc4032 - {}
RESULT: {}
RESULT: {}
RESULT: {}
COMMAND: POST /session/undefined/execute/sync - {"script":"<script> [20 bytes]","args":[false]}
RESULT: {"script":"<script> [20 bytes]","args":[false]}
]]></system-out>
    </testcase>
    <testcase classname="chrome.134_0_6998_118.mac.FloorPlan_Suite" name="before each hook for FloorPlan Suite" time="60.076">
      <failure message="Failed to handle login process: waitUntil condition failed with the following reason: Command script.callFunction with id 56 (with the following parameter: {&quot;functionDeclaration&quot;:&quot;function anonymous(\n) {\nreturn (/* __wdio script__ */() => document.readyState/* __wdio script end__ */).apply(this, arguments);\n}&quot;,&quot;awaitPromise&quot;:true,&quot;arguments&quot;:[],&quot;target&quot;:{&quot;context&quot;:&quot;11C9712EDFF10A29114F28A507E4431B&quot;}}) timed out"/>
      <system-err><![CDATA[
Error: Failed to handle login process: waitUntil condition failed with the following reason: Command script.callFunction with id 56 (with the following parameter: {"functionDeclaration":"function anonymous(\n) {\nreturn (/* __wdio script__ */() => document.readyState/* __wdio script end__ */).apply(this, arguments);\n}","awaitPromise":true,"arguments":[],"target":{"context":"11C9712EDFF10A29114F28A507E4431B"}}) timed out
    at Floorplan.conditionalLogin (file:///Users/ahshamkhan/Desktop/Webdriver.io/Automated-Visual-Regression-Tests/test/pageobjects/page.js:175:15)
    at async Context.<anonymous> (file:///Users/ahshamkhan/Desktop/Webdriver.io/Automated-Visual-Regression-Tests/test/specs/floorPlan.specs.js:7:9)
]]></system-err>
    </testcase>
  </testsuite>
</testsuites>