<?xml version="1.0" encoding="UTF-8"?>
<testsuites tests="2" failures="2" errors="0" skipped="0">
  <testsuite name="Detail Page Suite" timestamp="2024-07-24T16:57:51" time="5.212" tests="2" failures="2" errors="0" skipped="0">
    <properties>
      <property name="specId" value="0"/>
      <property name="suiteName" value="Detail Page Suite"/>
      <property name="capabilities" value="chrome.126_0_6478_128.windows"/>
      <property name="file" value="file:///C:/Users/ahsham.khan/Desktop/WebDriver/BayutVisuals/test/specs/DetailPage.specs.js"/>
    </properties>
    <testcase classname="chrome.126_0_6478_128.windows.Detail_Page_Suite" name="Verify Agent Agency card" time="5.205">
      <failure message="waitUntil condition failed with the following reason: no such window: target window already closed&#xA;from unknown error: web view not found&#xA;  (Session info: chrome=126.0.6478.128)"/>
      <system-out><![CDATA[
COMMAND: POST /session/21c64595fdf62c743b4e0faa8048f766/window/maximize - {}
COMMAND: DELETE /session/21c64595fdf62c743b4e0faa8048f766/cookie - {}
COMMAND: POST /session/21c64595fdf62c743b4e0faa8048f766/element - {"using":"xpath","value":"//div[@aria-label=\"Agency info\" and @class=\"_948d9e0a e6c84807 _95d4067f\"]"}
COMMAND: POST /session/21c64595fdf62c743b4e0faa8048f766/url - {"url":"https://sl:getin1@stage.bayut.sector.run/property/details-6331676.html"}
RESULT: {}
RESULT: {}
RESULT: {"using":"xpath","value":"//div[@aria-label=\"Agency info\" and @class=\"_948d9e0a e6c84807 _95d4067f\"]"}
COMMAND: POST /session/21c64595fdf62c743b4e0faa8048f766/elements - {"using":"xpath","value":"//div[@aria-label=\"Agency info\" and @class=\"_948d9e0a e6c84807 _95d4067f\"]"}
RESULT: {"url":"https://sl:getin1@stage.bayut.sector.run/property/details-6331676.html"}
RESULT: {"using":"xpath","value":"//div[@aria-label=\"Agency info\" and @class=\"_948d9e0a e6c84807 _95d4067f\"]"}
COMMAND: POST /session/21c64595fdf62c743b4e0faa8048f766/elements - {"using":"xpath","value":"//div[@aria-label=\"Agency info\" and @class=\"_948d9e0a e6c84807 _95d4067f\"]"}
COMMAND: POST /session/21c64595fdf62c743b4e0faa8048f766/elements - {"using":"xpath","value":"//div[@aria-label=\"Agency info\" and @class=\"_948d9e0a e6c84807 _95d4067f\"]"}
COMMAND: POST /session/21c64595fdf62c743b4e0faa8048f766/elements - {"using":"xpath","value":"//div[@aria-label=\"Agency info\" and @class=\"_948d9e0a e6c84807 _95d4067f\"]"}
COMMAND: POST /session/21c64595fdf62c743b4e0faa8048f766/elements - {"using":"xpath","value":"//div[@aria-label=\"Agency info\" and @class=\"_948d9e0a e6c84807 _95d4067f\"]"}
COMMAND: POST /session/21c64595fdf62c743b4e0faa8048f766/elements - {"using":"xpath","value":"//div[@aria-label=\"Agency info\" and @class=\"_948d9e0a e6c84807 _95d4067f\"]"}
COMMAND: POST /session/21c64595fdf62c743b4e0faa8048f766/elements - {"using":"xpath","value":"//div[@aria-label=\"Agency info\" and @class=\"_948d9e0a e6c84807 _95d4067f\"]"}
COMMAND: POST /session/21c64595fdf62c743b4e0faa8048f766/elements - {"using":"xpath","value":"//div[@aria-label=\"Agency info\" and @class=\"_948d9e0a e6c84807 _95d4067f\"]"}
COMMAND: POST /session/21c64595fdf62c743b4e0faa8048f766/elements - {"using":"xpath","value":"//div[@aria-label=\"Agency info\" and @class=\"_948d9e0a e6c84807 _95d4067f\"]"}
COMMAND: POST /session/21c64595fdf62c743b4e0faa8048f766/elements - {"using":"xpath","value":"//div[@aria-label=\"Agency info\" and @class=\"_948d9e0a e6c84807 _95d4067f\"]"}
COMMAND: DELETE /session/21c64595fdf62c743b4e0faa8048f766 - {}
RESULT: {}
]]></system-out>
      <system-err><![CDATA[
Error: waitUntil condition failed with the following reason: no such window: target window already closed
from unknown error: web view not found
  (Session info: chrome=126.0.6478.128)
    at async DetailPage.Scroll_WaitForExist (file:///C:/Users/ahsham.khan/Desktop/WebDriver/BayutVisuals/test/pageobjects/page.js:49:6)
    at async DetailPage.View_Agent_AgencyCard (file:///C:/Users/ahsham.khan/Desktop/WebDriver/BayutVisuals/test/pageobjects/detail.page.js:139:9)
    at async Context.<anonymous> (file:///C:/Users/ahsham.khan/Desktop/WebDriver/BayutVisuals/test/specs/DetailPage.specs.js:191:8)
]]></system-err>
    </testcase>
    <testcase classname="chrome.126_0_6478_128.windows.Detail_Page_Suite" name="after all hook for Detail Page Suite" time="0.002">
      <failure message="writeReport is not defined"/>
      <system-err><![CDATA[
ReferenceError: writeReport is not defined
    at Context.<anonymous> (file:///C:/Users/ahsham.khan/Desktop/WebDriver/BayutVisuals/test/specs/DetailPage.specs.js:5:5)
]]></system-err>
    </testcase>
  </testsuite>
</testsuites>