<?xml version="1.0" encoding="UTF-8"?>
<testsuites tests="7" failures="7" errors="0" skipped="0">
  <testsuite name="FloorPlan Suite" timestamp="2025-06-18T13:15:31" time="236.008" tests="7" failures="7" errors="0" skipped="0">
    <properties>
      <property name="specId" value="0"/>
      <property name="suiteName" value="FloorPlan Suite"/>
      <property name="capabilities" value="chrome.137_0_7151_104.mac"/>
      <property name="file" value="file://./test/specs/floorPlan.specs.js"/>
    </properties>
    <testcase classname="chrome.137_0_7151_104.mac.FloorPlan_Suite" name="TC1" time="65.419">
      <failure message="Image differences detected"/>
      <system-out><![CDATA[
COMMAND: POST /session/85b72730d79a1e3b39db44c030643d31/window/maximize - {}
RESULT: {}
COMMAND: GET /session/85b72730d79a1e3b39db44c030643d31/screenshot - {}
RESULT: {}
RESULT: undefined
COMMAND: POST /session/85b72730d79a1e3b39db44c030643d31/window/maximize - {}
RESULT: {}
COMMAND: POST /session/85b72730d79a1e3b39db44c030643d31/element - {"using":"xpath","value":"//input[@name=\"username\"]"}
RESULT: {"using":"xpath","value":"//input[@name=\"username\"]"}
COMMAND: GET /session/85b72730d79a1e3b39db44c030643d31/element/f.A9F6C518A5E0B0E89F3C0D111B5FB5BC.d.6E88BA114D192074A51D83603297E1A0.e.3/css/display - {}
RESULT: {}
COMMAND: POST /session/85b72730d79a1e3b39db44c030643d31/element/f.A9F6C518A5E0B0E89F3C0D111B5FB5BC.d.6E88BA114D192074A51D83603297E1A0.e.3/clear - {}
RESULT: {}
COMMAND: POST /session/85b72730d79a1e3b39db44c030643d31/element/f.A9F6C518A5E0B0E89F3C0D111B5FB5BC.d.6E88BA114D192074A51D83603297E1A0.e.3/value - {"text":"sl"}
RESULT: {"text":"sl"}
COMMAND: POST /session/85b72730d79a1e3b39db44c030643d31/element/f.A9F6C518A5E0B0E89F3C0D111B5FB5BC.d.6E88BA114D192074A51D83603297E1A0.e.4/clear - {}
RESULT: {}
COMMAND: POST /session/85b72730d79a1e3b39db44c030643d31/element/f.A9F6C518A5E0B0E89F3C0D111B5FB5BC.d.6E88BA114D192074A51D83603297E1A0.e.4/value - {"text":"getin1"}
RESULT: {"text":"getin1"}
COMMAND: POST /session/85b72730d79a1e3b39db44c030643d31/element/f.A9F6C518A5E0B0E89F3C0D111B5FB5BC.d.6E88BA114D192074A51D83603297E1A0.e.5/click - {}
RESULT: {}
COMMAND: GET /session/85b72730d79a1e3b39db44c030643d31/screenshot - {}
RESULT: {}
RESULT: undefined
]]></system-out>
      <system-err><![CDATA[
Error: Image differences detected
    at Floorplan.compareEnvironments (file:///Users/ahshamkhan/Desktop/Webdriver.io/Automated-Visual-Regression-Tests/test/pageobjects/page.js:145:15)
    at async Context.<anonymous> (file:///Users/ahshamkhan/Desktop/Webdriver.io/Automated-Visual-Regression-Tests/test/specs/floorPlan.specs.js:10:9)
]]></system-err>
    </testcase>
    <testcase classname="chrome.137_0_7151_104.mac.FloorPlan_Suite" name="TC2" time="16.052">
      <failure message="Can't call scrollIntoView on element with selector &quot;//h2[text()=&quot;UAE Location List&quot;]&quot; because element wasn't found"/>
      <system-out><![CDATA[
COMMAND: POST /session/85b72730d79a1e3b39db44c030643d31/window/maximize - {}
RESULT: {}
COMMAND: GET /session/85b72730d79a1e3b39db44c030643d31/element/f.A9F6C518A5E0B0E89F3C0D111B5FB5BC.d.26C05562B6847AC3688FE7C9B3DC3FE6.e.49/rect - {}
RESULT: {}
COMMAND: GET /session/85b72730d79a1e3b39db44c030643d31/window/rect - {}
RESULT: {}
COMMAND: POST /session/85b72730d79a1e3b39db44c030643d31/actions - {"actions":[{"id":"action1","type":"wheel","parameters":{},"actions":[{"type":"scroll","x":-1267,"y":3158,"deltaX":0,"deltaY":0,"duration":0,"origin":{"element-6066-11e4-a52e-4f735466cecf":"f.A9F6C518A5E0B0E89F3C0D111B5FB5BC.d.26C05562B6847AC3688FE7C9B3DC3FE6.e.49"}}]}]}
RESULT: {"actions":[{"id":"action1","type":"wheel","parameters":{},"actions":[{"type":"scroll","x":-1267,"y":3158,"deltaX":0,"deltaY":0,"duration":0,"origin":{"element-6066-11e4-a52e-4f735466cecf":"f.A9F6C518A5E0B0E89F3C0D111B5FB5BC.d.26C05562B6847AC3688FE7C9B3DC3FE6.e.49"}}]}]}
COMMAND: GET /session/85b72730d79a1e3b39db44c030643d31/screenshot - {}
RESULT: {}
RESULT: undefined
COMMAND: POST /session/85b72730d79a1e3b39db44c030643d31/window/maximize - {}
RESULT: {}
]]></system-out>
      <system-err><![CDATA[
Error: Can't call scrollIntoView on element with selector "//h2[text()="UAE Location List"]" because element wasn't found
    at async Floorplan.ScrollElement (file:///Users/ahshamkhan/Desktop/Webdriver.io/Automated-Visual-Regression-Tests/test/pageobjects/page.js:80:9)
    at async Floorplan.verifyUaeLocLists (file:///Users/ahshamkhan/Desktop/Webdriver.io/Automated-Visual-Regression-Tests/test/pageobjects/floorplan.page.js:22:9)
    at async file:///Users/ahshamkhan/Desktop/Webdriver.io/Automated-Visual-Regression-Tests/test/specs/floorPlan.specs.js:27:25
    at async Floorplan.compareEnvironments (file:///Users/ahshamkhan/Desktop/Webdriver.io/Automated-Visual-Regression-Tests/test/pageobjects/page.js:128:21)
    at async Context.<anonymous> (file:///Users/ahshamkhan/Desktop/Webdriver.io/Automated-Visual-Regression-Tests/test/specs/floorPlan.specs.js:21:9)
]]></system-err>
    </testcase>
    <testcase classname="chrome.137_0_7151_104.mac.FloorPlan_Suite" name="TC3" time="23.491">
      <failure message="Can't call scrollIntoView on element with selector &quot;//span[@aria-label=&quot;Scroll to top&quot;]&quot; because element wasn't found"/>
      <system-out><![CDATA[
COMMAND: POST /session/85b72730d79a1e3b39db44c030643d31/window/maximize - {}
RESULT: {}
COMMAND: GET /session/85b72730d79a1e3b39db44c030643d31/element/f.A9F6C518A5E0B0E89F3C0D111B5FB5BC.d.2CCB059853B75198FA72380DFB632A1E.e.51/rect - {}
RESULT: {}
COMMAND: GET /session/85b72730d79a1e3b39db44c030643d31/window/rect - {}
RESULT: {}
COMMAND: POST /session/85b72730d79a1e3b39db44c030643d31/actions - {"actions":[{"id":"action2","type":"wheel","parameters":{},"actions":[{"type":"scroll","x":-1408,"y":4411,"deltaX":0,"deltaY":0,"duration":0,"origin":{"element-6066-11e4-a52e-4f735466cecf":"f.A9F6C518A5E0B0E89F3C0D111B5FB5BC.d.2CCB059853B75198FA72380DFB632A1E.e.51"}}]}]}
RESULT: {"actions":[{"id":"action2","type":"wheel","parameters":{},"actions":[{"type":"scroll","x":-1408,"y":4411,"deltaX":0,"deltaY":0,"duration":0,"origin":{"element-6066-11e4-a52e-4f735466cecf":"f.A9F6C518A5E0B0E89F3C0D111B5FB5BC.d.2CCB059853B75198FA72380DFB632A1E.e.51"}}]}]}
COMMAND: GET /session/85b72730d79a1e3b39db44c030643d31/screenshot - {}
RESULT: {}
RESULT: undefined
COMMAND: POST /session/85b72730d79a1e3b39db44c030643d31/window/maximize - {}
RESULT: {}
]]></system-out>
      <system-err><![CDATA[
Error: Can't call scrollIntoView on element with selector "//span[@aria-label="Scroll to top"]" because element wasn't found
    at async Floorplan.ScrollElement (file:///Users/ahshamkhan/Desktop/Webdriver.io/Automated-Visual-Regression-Tests/test/pageobjects/page.js:80:9)
    at async Floorplan.VerifyBottomLinks (file:///Users/ahshamkhan/Desktop/Webdriver.io/Automated-Visual-Regression-Tests/test/pageobjects/floorplan.page.js:25:9)
    at async file:///Users/ahshamkhan/Desktop/Webdriver.io/Automated-Visual-Regression-Tests/test/specs/floorPlan.specs.js:39:25
    at async Floorplan.compareEnvironments (file:///Users/ahshamkhan/Desktop/Webdriver.io/Automated-Visual-Regression-Tests/test/pageobjects/page.js:128:21)
    at async Context.<anonymous> (file:///Users/ahshamkhan/Desktop/Webdriver.io/Automated-Visual-Regression-Tests/test/specs/floorPlan.specs.js:33:9)
]]></system-err>
    </testcase>
    <testcase classname="chrome.137_0_7151_104.mac.FloorPlan_Suite" name="TC4" time="33.003">
      <failure message="Image differences detected"/>
      <system-out><![CDATA[
COMMAND: POST /session/85b72730d79a1e3b39db44c030643d31/window/maximize - {}
RESULT: {}
COMMAND: GET /session/85b72730d79a1e3b39db44c030643d31/screenshot - {}
RESULT: {}
RESULT: undefined
COMMAND: POST /session/85b72730d79a1e3b39db44c030643d31/window/maximize - {}
RESULT: {}
COMMAND: GET /session/85b72730d79a1e3b39db44c030643d31/screenshot - {}
RESULT: {}
RESULT: undefined
]]></system-out>
      <system-err><![CDATA[
Error: Image differences detected
    at Floorplan.compareEnvironments (file:///Users/ahshamkhan/Desktop/Webdriver.io/Automated-Visual-Regression-Tests/test/pageobjects/page.js:145:15)
    at async Context.<anonymous> (file:///Users/ahshamkhan/Desktop/Webdriver.io/Automated-Visual-Regression-Tests/test/specs/floorPlan.specs.js:45:9)
]]></system-err>
    </testcase>
    <testcase classname="chrome.137_0_7151_104.mac.FloorPlan_Suite" name="TC5" time="35.158">
      <failure message="this.conditionalLogin is not a function"/>
      <system-out><![CDATA[
COMMAND: POST /session/85b72730d79a1e3b39db44c030643d31/window/maximize - {}
RESULT: {}
COMMAND: GET /session/85b72730d79a1e3b39db44c030643d31/screenshot - {}
RESULT: {}
COMMAND: GET /session/85b72730d79a1e3b39db44c030643d31/screenshot - {}
RESULT: {}
COMMAND: GET /session/85b72730d79a1e3b39db44c030643d31/screenshot - {}
RESULT: {}
COMMAND: GET /session/85b72730d79a1e3b39db44c030643d31/screenshot - {}
RESULT: {}
COMMAND: GET /session/85b72730d79a1e3b39db44c030643d31/screenshot - {}
RESULT: {}
COMMAND: GET /session/85b72730d79a1e3b39db44c030643d31/screenshot - {}
RESULT: {}
COMMAND: GET /session/85b72730d79a1e3b39db44c030643d31/screenshot - {}
RESULT: {}
COMMAND: GET /session/85b72730d79a1e3b39db44c030643d31/screenshot - {}
RESULT: {}
RESULT: undefined
COMMAND: POST /session/85b72730d79a1e3b39db44c030643d31/window/maximize - {}
RESULT: {}
]]></system-out>
      <system-err><![CDATA[
TypeError: this.conditionalLogin is not a function
    at Floorplan.compareFullPageEnvironments (file:///Users/ahshamkhan/Desktop/Webdriver.io/Automated-Visual-Regression-Tests/test/pageobjects/page.js:164:16)
    at async Context.<anonymous> (file:///Users/ahshamkhan/Desktop/Webdriver.io/Automated-Visual-Regression-Tests/test/specs/floorPlan.specs.js:56:9)
]]></system-err>
    </testcase>
    <testcase classname="chrome.137_0_7151_104.mac.FloorPlan_Suite" name="TC6" time="31.028">
      <failure message="this.conditionalLogin is not a function"/>
      <system-out><![CDATA[
COMMAND: POST /session/85b72730d79a1e3b39db44c030643d31/window/maximize - {}
RESULT: {}
COMMAND: GET /session/85b72730d79a1e3b39db44c030643d31/screenshot - {}
RESULT: {}
COMMAND: GET /session/85b72730d79a1e3b39db44c030643d31/screenshot - {}
RESULT: {}
COMMAND: GET /session/85b72730d79a1e3b39db44c030643d31/screenshot - {}
RESULT: {}
COMMAND: GET /session/85b72730d79a1e3b39db44c030643d31/screenshot - {}
RESULT: {}
COMMAND: GET /session/85b72730d79a1e3b39db44c030643d31/screenshot - {}
RESULT: {}
COMMAND: GET /session/85b72730d79a1e3b39db44c030643d31/screenshot - {}
RESULT: {}
COMMAND: GET /session/85b72730d79a1e3b39db44c030643d31/screenshot - {}
RESULT: {}
COMMAND: GET /session/85b72730d79a1e3b39db44c030643d31/screenshot - {}
RESULT: {}
RESULT: undefined
COMMAND: POST /session/85b72730d79a1e3b39db44c030643d31/window/maximize - {}
RESULT: {}
]]></system-out>
      <system-err><![CDATA[
TypeError: this.conditionalLogin is not a function
    at Floorplan.compareFullPageEnvironments (file:///Users/ahshamkhan/Desktop/Webdriver.io/Automated-Visual-Regression-Tests/test/pageobjects/page.js:164:16)
    at async Context.<anonymous> (file:///Users/ahshamkhan/Desktop/Webdriver.io/Automated-Visual-Regression-Tests/test/specs/floorPlan.specs.js:67:9)
]]></system-err>
    </testcase>
    <testcase classname="chrome.137_0_7151_104.mac.FloorPlan_Suite" name="TC7" time="31.845">
      <failure message="this.conditionalLogin is not a function"/>
      <system-out><![CDATA[
COMMAND: POST /session/85b72730d79a1e3b39db44c030643d31/window/maximize - {}
RESULT: {}
COMMAND: GET /session/85b72730d79a1e3b39db44c030643d31/screenshot - {}
RESULT: {}
COMMAND: GET /session/85b72730d79a1e3b39db44c030643d31/screenshot - {}
RESULT: {}
COMMAND: GET /session/85b72730d79a1e3b39db44c030643d31/screenshot - {}
RESULT: {}
COMMAND: GET /session/85b72730d79a1e3b39db44c030643d31/screenshot - {}
RESULT: {}
COMMAND: GET /session/85b72730d79a1e3b39db44c030643d31/screenshot - {}
RESULT: {}
COMMAND: GET /session/85b72730d79a1e3b39db44c030643d31/screenshot - {}
RESULT: {}
COMMAND: GET /session/85b72730d79a1e3b39db44c030643d31/screenshot - {}
RESULT: {}
COMMAND: GET /session/85b72730d79a1e3b39db44c030643d31/screenshot - {}
RESULT: {}
RESULT: undefined
COMMAND: POST /session/85b72730d79a1e3b39db44c030643d31/window/maximize - {}
RESULT: {}
COMMAND: DELETE /session/85b72730d79a1e3b39db44c030643d31 - {}
RESULT: {}
]]></system-out>
      <system-err><![CDATA[
TypeError: this.conditionalLogin is not a function
    at Floorplan.compareFullPageEnvironments (file:///Users/ahshamkhan/Desktop/Webdriver.io/Automated-Visual-Regression-Tests/test/pageobjects/page.js:164:16)
    at async Context.<anonymous> (file:///Users/ahshamkhan/Desktop/Webdriver.io/Automated-Visual-Regression-Tests/test/specs/floorPlan.specs.js:78:9)
]]></system-err>
    </testcase>
  </testsuite>
</testsuites>