<?xml version="1.0" encoding="UTF-8"?>
<testsuites tests="13" failures="13" errors="0" skipped="0">
  <testsuite name="Detail Page Suite" timestamp="2024-07-09T17:46:36" time="12.605" tests="13" failures="13" errors="0" skipped="0">
    <properties>
      <property name="specId" value="0"/>
      <property name="suiteName" value="Detail Page Suite"/>
      <property name="capabilities" value="chrome.126_0_6478_127.windows"/>
      <property name="file" value="file:///C:/Users/ahsham.khan/Desktop/WebDriver/BayutVisuals/test/specs/DetailPage.specs.js"/>
    </properties>
    <testcase classname="chrome.126_0_6478_127.windows.Detail_Page_Suite" name="Verify Detail Page default view" time="10.896">
      <failure message="no such window: target window already closed&#xA;from unknown error: web view not found&#xA;  (Session info: chrome=126.0.6478.127)"/>
      <system-out><![CDATA[
COMMAND: POST /session/d93c340144f920df71bc9ef35db87894/window/maximize - {}
COMMAND: DELETE /session/d93c340144f920df71bc9ef35db87894/cookie - {}
COMMAND: POST /session/d93c340144f920df71bc9ef35db87894/execute/sync - {"script":"return (function hideScrollBars(hide) {\n    try {\n        if (hide) {\n            document.body.style.overflow = 'hidden';\n        }\n        else {\n            document.body.style.overflow = '';\n        }\n    }\n    catch (e) {\n    }\n}).apply(null, arguments)","args":[true]}
COMMAND: POST /session/d93c340144f920df71bc9ef35db87894/url - {"url":"https://sl:getin1@stage.bayut.sector.run/property/details-6331676.html"}
RESULT: {}
RESULT: {}
RESULT: {"script":"return (function hideScrollBars(hide) {\n    try {\n        if (hide) {\n            document.body.style.overflow = 'hidden';\n        }\n        else {\n            document.body.style.overflow = '';\n        }\n    }\n    catch (e) {\n    }\n}).apply(null, arguments)","args":[true]}
COMMAND: POST /session/d93c340144f920df71bc9ef35db87894/execute/sync - {"script":"return (function getScreenDimensions() {\n    var body = document.body;\n    var html = document.documentElement;\n    var bodyDimensions = {\n        scrollHeight: body == null ? 0 : body.scrollHeight,\n  ... (1101 more bytes)","args":[]}
RESULT: {"url":"https://sl:getin1@stage.bayut.sector.run/property/details-6331676.html"}
RESULT: {"script":"return (function getScreenDimensions() {\n    var body = document.body;\n    var html = document.documentElement;\n    var bodyDimensions = {\n        scrollHeight: body == null ? 0 : body.scrollHeight,\n  ... (1101 more bytes)","args":[]}
COMMAND: GET /session/d93c340144f920df71bc9ef35db87894/screenshot - {}
RESULT: {}
COMMAND: POST /session/d93c340144f920df71bc9ef35db87894/execute/sync - {"script":"return (function hideScrollBars(hide) {\n    try {\n        if (hide) {\n            document.body.style.overflow = 'hidden';\n        }\n        else {\n            document.body.style.overflow = '';\n        }\n    }\n    catch (e) {\n    }\n}).apply(null, arguments)","args":[false]}
]]></system-out>
      <system-err><![CDATA[
no such window: no such window: target window already closed
from unknown error: web view not found
  (Session info: chrome=126.0.6478.127)
    at process.processTicksAndRejections (node:internal/process/task_queues:95:5)
]]></system-err>
    </testcase>
    <testcase classname="chrome.126_0_6478_127.windows.Detail_Page_Suite" name="Verify Half Gallery View" time="0.166">
      <failure message="no such window: target window already closed&#xA;from unknown error: web view not found&#xA;  (Session info: chrome=126.0.6478.127)"/>
      <system-out><![CDATA[
COMMAND: POST /session/d93c340144f920df71bc9ef35db87894/window/maximize - {}
COMMAND: DELETE /session/d93c340144f920df71bc9ef35db87894/cookie - {}
COMMAND: POST /session/d93c340144f920df71bc9ef35db87894/element - {"using":"xpath","value":"//div[@class=\"_6d2ea5a7 _2ff2123c\"]"}
COMMAND: POST /session/d93c340144f920df71bc9ef35db87894/url - {"url":"https://sl:getin1@stage.bayut.sector.run/property/details-6331676.html"}
]]></system-out>
      <system-err><![CDATA[
no such window: no such window: target window already closed
from unknown error: web view not found
  (Session info: chrome=126.0.6478.127)
    at process.processTicksAndRejections (node:internal/process/task_queues:95:5)
    at async DetailPage.OpenHalf_GalleryView (file:///C:/Users/ahsham.khan/Desktop/WebDriver/BayutVisuals/test/pageobjects/detail.page.js:74:9)
    at async Context.<anonymous> (file:///C:/Users/ahsham.khan/Desktop/WebDriver/BayutVisuals/test/specs/DetailPage.specs.js:15:9)
]]></system-err>
    </testcase>
    <testcase classname="chrome.126_0_6478_127.windows.Detail_Page_Suite" name="Verify Full Gallery View" time="0.206">
      <failure message="no such window: target window already closed&#xA;from unknown error: web view not found&#xA;  (Session info: chrome=126.0.6478.127)"/>
      <system-out><![CDATA[
COMMAND: POST /session/d93c340144f920df71bc9ef35db87894/window/maximize - {}
COMMAND: DELETE /session/d93c340144f920df71bc9ef35db87894/cookie - {}
COMMAND: POST /session/d93c340144f920df71bc9ef35db87894/element - {"using":"xpath","value":"//div[@class=\"_6d2ea5a7 _2ff2123c\"]"}
COMMAND: POST /session/d93c340144f920df71bc9ef35db87894/url - {"url":"https://sl:getin1@stage.bayut.sector.run/property/details-6331676.html"}
]]></system-out>
      <system-err><![CDATA[
no such window: no such window: target window already closed
from unknown error: web view not found
  (Session info: chrome=126.0.6478.127)
    at process.processTicksAndRejections (node:internal/process/task_queues:95:5)
    at async DetailPage.OpenFull_GalleryView (file:///C:/Users/ahsham.khan/Desktop/WebDriver/BayutVisuals/test/pageobjects/detail.page.js:79:9)
    at async Context.<anonymous> (file:///C:/Users/ahsham.khan/Desktop/WebDriver/BayutVisuals/test/specs/DetailPage.specs.js:25:9)
]]></system-err>
    </testcase>
    <testcase classname="chrome.126_0_6478_127.windows.Detail_Page_Suite" name="Verify Half Map View" time="0.154">
      <failure message="no such window: target window already closed&#xA;from unknown error: web view not found&#xA;  (Session info: chrome=126.0.6478.127)"/>
      <system-out><![CDATA[
COMMAND: POST /session/d93c340144f920df71bc9ef35db87894/window/maximize - {}
COMMAND: DELETE /session/d93c340144f920df71bc9ef35db87894/cookie - {}
COMMAND: POST /session/d93c340144f920df71bc9ef35db87894/element - {"using":"xpath","value":"//div[@class=\"_6d2ea5a7 _2ff2123c\"]"}
COMMAND: POST /session/d93c340144f920df71bc9ef35db87894/url - {"url":"https://sl:getin1@stage.bayut.sector.run/property/details-6331676.html"}
]]></system-out>
      <system-err><![CDATA[
no such window: no such window: target window already closed
from unknown error: web view not found
  (Session info: chrome=126.0.6478.127)
    at process.processTicksAndRejections (node:internal/process/task_queues:95:5)
    at async DetailPage.OpenHalf_GalleryView (file:///C:/Users/ahsham.khan/Desktop/WebDriver/BayutVisuals/test/pageobjects/detail.page.js:74:9)
    at async DetailPage.OpenMapHalfGalleryView (file:///C:/Users/ahsham.khan/Desktop/WebDriver/BayutVisuals/test/pageobjects/detail.page.js:86:9)
    at async Context.<anonymous> (file:///C:/Users/ahsham.khan/Desktop/WebDriver/BayutVisuals/test/specs/DetailPage.specs.js:35:9)
]]></system-err>
    </testcase>
    <testcase classname="chrome.126_0_6478_127.windows.Detail_Page_Suite" name="Verify Appearence of Location Nearby Section" time="0.133">
      <failure message="no such window: target window already closed&#xA;from unknown error: web view not found&#xA;  (Session info: chrome=126.0.6478.127)"/>
      <system-out><![CDATA[
COMMAND: POST /session/d93c340144f920df71bc9ef35db87894/window/maximize - {}
COMMAND: DELETE /session/d93c340144f920df71bc9ef35db87894/cookie - {}
COMMAND: POST /session/d93c340144f920df71bc9ef35db87894/element - {"using":"xpath","value":"//h2[text()=\"Location & Nearby\"]"}
COMMAND: POST /session/d93c340144f920df71bc9ef35db87894/url - {"url":"https://sl:getin1@stage.bayut.sector.run/property/details-6331676.html"}
]]></system-out>
      <system-err><![CDATA[
no such window: no such window: target window already closed
from unknown error: web view not found
  (Session info: chrome=126.0.6478.127)
    at process.processTicksAndRejections (node:internal/process/task_queues:95:5)
    at async DetailPage.Scroll_WaitForExist (file:///C:/Users/ahsham.khan/Desktop/WebDriver/BayutVisuals/test/pageobjects/page.js:47:6)
    at async DetailPage.GoToLocation_NearbySection (file:///C:/Users/ahsham.khan/Desktop/WebDriver/BayutVisuals/test/pageobjects/detail.page.js:96:9)
    at async Context.<anonymous> (file:///C:/Users/ahsham.khan/Desktop/WebDriver/BayutVisuals/test/specs/DetailPage.specs.js:56:9)
]]></system-err>
    </testcase>
    <testcase classname="chrome.126_0_6478_127.windows.Detail_Page_Suite" name="Verify Appearence of Schools section in Map View" time="0.131">
      <failure message="no such window: target window already closed&#xA;from unknown error: web view not found&#xA;  (Session info: chrome=126.0.6478.127)"/>
      <system-out><![CDATA[
COMMAND: POST /session/d93c340144f920df71bc9ef35db87894/window/maximize - {}
COMMAND: DELETE /session/d93c340144f920df71bc9ef35db87894/cookie - {}
COMMAND: POST /session/d93c340144f920df71bc9ef35db87894/element - {"using":"xpath","value":"//div[@class=\"_4866b17e\" and text()=\"Schools\"]"}
COMMAND: POST /session/d93c340144f920df71bc9ef35db87894/url - {"url":"https://sl:getin1@stage.bayut.sector.run/property/details-6331676.html"}
]]></system-out>
      <system-err><![CDATA[
no such window: no such window: target window already closed
from unknown error: web view not found
  (Session info: chrome=126.0.6478.127)
    at process.processTicksAndRejections (node:internal/process/task_queues:95:5)
    at async DetailPage.OpenSchoolsMapview (file:///C:/Users/ahsham.khan/Desktop/WebDriver/BayutVisuals/test/pageobjects/detail.page.js:103:9)
    at async Context.<anonymous> (file:///C:/Users/ahsham.khan/Desktop/WebDriver/BayutVisuals/test/specs/DetailPage.specs.js:66:9)
]]></system-err>
    </testcase>
    <testcase classname="chrome.126_0_6478_127.windows.Detail_Page_Suite" name="Verify Appearence of Restaurants section in Map View" time="0.127">
      <failure message="no such window: target window already closed&#xA;from unknown error: web view not found&#xA;  (Session info: chrome=126.0.6478.127)"/>
      <system-out><![CDATA[
COMMAND: POST /session/d93c340144f920df71bc9ef35db87894/window/maximize - {}
COMMAND: DELETE /session/d93c340144f920df71bc9ef35db87894/cookie - {}
COMMAND: POST /session/d93c340144f920df71bc9ef35db87894/element - {"using":"xpath","value":"//div[@class=\"_4866b17e\" and text()=\"Restaurants\"]"}
COMMAND: POST /session/d93c340144f920df71bc9ef35db87894/url - {"url":"https://sl:getin1@stage.bayut.sector.run/property/details-6331676.html"}
]]></system-out>
      <system-err><![CDATA[
no such window: no such window: target window already closed
from unknown error: web view not found
  (Session info: chrome=126.0.6478.127)
    at process.processTicksAndRejections (node:internal/process/task_queues:95:5)
    at async DetailPage.OpenRestaurantsMapview (file:///C:/Users/ahsham.khan/Desktop/WebDriver/BayutVisuals/test/pageobjects/detail.page.js:107:9)
    at async Context.<anonymous> (file:///C:/Users/ahsham.khan/Desktop/WebDriver/BayutVisuals/test/specs/DetailPage.specs.js:76:9)
]]></system-err>
    </testcase>
    <testcase classname="chrome.126_0_6478_127.windows.Detail_Page_Suite" name="Verify Appearence of Hospital section in Map View" time="0.149">
      <failure message="no such window: target window already closed&#xA;from unknown error: web view not found&#xA;  (Session info: chrome=126.0.6478.127)"/>
      <system-out><![CDATA[
COMMAND: POST /session/d93c340144f920df71bc9ef35db87894/window/maximize - {}
COMMAND: DELETE /session/d93c340144f920df71bc9ef35db87894/cookie - {}
COMMAND: POST /session/d93c340144f920df71bc9ef35db87894/element - {"using":"xpath","value":"//div[@class=\"_4866b17e\" and text()=\"Hospitals\"]"}
COMMAND: POST /session/d93c340144f920df71bc9ef35db87894/url - {"url":"https://sl:getin1@stage.bayut.sector.run/property/details-6331676.html"}
]]></system-out>
      <system-err><![CDATA[
no such window: no such window: target window already closed
from unknown error: web view not found
  (Session info: chrome=126.0.6478.127)
    at process.processTicksAndRejections (node:internal/process/task_queues:95:5)
    at async DetailPage.OpenHospitalsMapview (file:///C:/Users/ahsham.khan/Desktop/WebDriver/BayutVisuals/test/pageobjects/detail.page.js:111:9)
    at async Context.<anonymous> (file:///C:/Users/ahsham.khan/Desktop/WebDriver/BayutVisuals/test/specs/DetailPage.specs.js:86:9)
]]></system-err>
    </testcase>
    <testcase classname="chrome.126_0_6478_127.windows.Detail_Page_Suite" name="Verify Amenities Section" time="0.139">
      <failure message="no such window: target window already closed&#xA;from unknown error: web view not found&#xA;  (Session info: chrome=126.0.6478.127)"/>
      <system-out><![CDATA[
COMMAND: POST /session/d93c340144f920df71bc9ef35db87894/window/maximize - {}
COMMAND: DELETE /session/d93c340144f920df71bc9ef35db87894/cookie - {}
COMMAND: POST /session/d93c340144f920df71bc9ef35db87894/element - {"using":"xpath","value":"//h2[text()=\"Features / Amenities\"]"}
COMMAND: POST /session/d93c340144f920df71bc9ef35db87894/url - {"url":"https://sl:getin1@stage.bayut.sector.run/property/details-6331676.html"}
]]></system-out>
      <system-err><![CDATA[
no such window: no such window: target window already closed
from unknown error: web view not found
  (Session info: chrome=126.0.6478.127)
    at process.processTicksAndRejections (node:internal/process/task_queues:95:5)
    at async DetailPage.Scroll_WaitForExist (file:///C:/Users/ahsham.khan/Desktop/WebDriver/BayutVisuals/test/pageobjects/page.js:47:6)
    at async DetailPage.ViewAmenities (file:///C:/Users/ahsham.khan/Desktop/WebDriver/BayutVisuals/test/pageobjects/detail.page.js:118:9)
    at async Context.<anonymous> (file:///C:/Users/ahsham.khan/Desktop/WebDriver/BayutVisuals/test/specs/DetailPage.specs.js:96:9)
]]></system-err>
    </testcase>
    <testcase classname="chrome.126_0_6478_127.windows.Detail_Page_Suite" name="Verify Full Amenities Section" time="0.068">
      <failure message="no such window: target window already closed&#xA;from unknown error: web view not found&#xA;  (Session info: chrome=126.0.6478.127)"/>
      <system-out><![CDATA[
COMMAND: POST /session/d93c340144f920df71bc9ef35db87894/window/maximize - {}
COMMAND: DELETE /session/d93c340144f920df71bc9ef35db87894/cookie - {}
COMMAND: POST /session/d93c340144f920df71bc9ef35db87894/element - {"using":"xpath","value":"//div[@aria-label=\"More amenities\"]"}
COMMAND: POST /session/d93c340144f920df71bc9ef35db87894/url - {"url":"https://sl:getin1@stage.bayut.sector.run/property/details-6331676.html"}
]]></system-out>
      <system-err><![CDATA[
no such window: no such window: target window already closed
from unknown error: web view not found
  (Session info: chrome=126.0.6478.127)
    at process.processTicksAndRejections (node:internal/process/task_queues:95:5)
    at async DetailPage.ViewFullAmenities (file:///C:/Users/ahsham.khan/Desktop/WebDriver/BayutVisuals/test/pageobjects/detail.page.js:115:9)
    at async Context.<anonymous> (file:///C:/Users/ahsham.khan/Desktop/WebDriver/BayutVisuals/test/specs/DetailPage.specs.js:106:9)
]]></system-err>
    </testcase>
    <testcase classname="chrome.126_0_6478_127.windows.Detail_Page_Suite" name="Verify Property Information Section" time="0.003">
      <failure message="Malformed type for &quot;args&quot; parameter of command executeScript&#xA;Expected: (string|object|number|boolean|null|undefined)[]&#xA;Actual: (object)[]&#xA;&#xA;For more info see https://w3c.github.io/webdriver/#dfn-execute-script&#xA;"/>
      <system-out><![CDATA[
COMMAND: POST /session/d93c340144f920df71bc9ef35db87894/window/maximize - {}
COMMAND: DELETE /session/d93c340144f920df71bc9ef35db87894/cookie - {}
COMMAND: POST /session/d93c340144f920df71bc9ef35db87894/element - {"using":"xpath","value":"//h2[text()=\"Property Information\"]"}
COMMAND: POST /session/d93c340144f920df71bc9ef35db87894/url - {"url":"https://sl:getin1@stage.bayut.sector.run/property/details-6331676.html"}
]]></system-out>
      <system-err><![CDATA[
Error: Malformed type for "args" parameter of command executeScript
Expected: (string|object|number|boolean|null|undefined)[]
Actual: (object)[]

For more info see https://w3c.github.io/webdriver/#dfn-execute-script

    at DetailPage.ViewPropertyInfoSection (file:///C:/Users/ahsham.khan/Desktop/WebDriver/BayutVisuals/test/pageobjects/detail.page.js:121:23)
    at Context.<anonymous> (file:///C:/Users/ahsham.khan/Desktop/WebDriver/BayutVisuals/test/specs/DetailPage.specs.js:116:26)
]]></system-err>
    </testcase>
    <testcase classname="chrome.126_0_6478_127.windows.Detail_Page_Suite" name="Verify Property Overview Section" time="0.202">
      <failure message="no such window: target window already closed&#xA;from unknown error: web view not found&#xA;  (Session info: chrome=126.0.6478.127)"/>
      <system-out><![CDATA[
COMMAND: POST /session/d93c340144f920df71bc9ef35db87894/window/maximize - {}
COMMAND: DELETE /session/d93c340144f920df71bc9ef35db87894/cookie - {}
COMMAND: POST /session/d93c340144f920df71bc9ef35db87894/element - {"using":"xpath","value":"//div[@aria-label=\"Property overview\"]"}
COMMAND: POST /session/d93c340144f920df71bc9ef35db87894/url - {"url":"https://sl:getin1@stage.bayut.sector.run/property/details-6331676.html"}
]]></system-out>
      <system-err><![CDATA[
no such window: no such window: target window already closed
from unknown error: web view not found
  (Session info: chrome=126.0.6478.127)
    at process.processTicksAndRejections (node:internal/process/task_queues:95:5)
    at async Context.<anonymous> (file:///C:/Users/ahsham.khan/Desktop/WebDriver/BayutVisuals/test/specs/DetailPage.specs.js:126:9)
]]></system-err>
    </testcase>
    <testcase classname="chrome.126_0_6478_127.windows.Detail_Page_Suite" name="Verify Regulatory Information Section" time="0.123">
      <failure message="no such window: target window already closed&#xA;from unknown error: web view not found&#xA;  (Session info: chrome=126.0.6478.127)"/>
      <system-out><![CDATA[
COMMAND: POST /session/d93c340144f920df71bc9ef35db87894/window/maximize - {}
COMMAND: DELETE /session/d93c340144f920df71bc9ef35db87894/cookie - {}
COMMAND: POST /session/d93c340144f920df71bc9ef35db87894/element - {"using":"xpath","value":"//div[@class=\"f72ded01\"]"}
COMMAND: POST /session/d93c340144f920df71bc9ef35db87894/url - {"url":"https://sl:getin1@stage.bayut.sector.run/property/details-6331676.html"}
COMMAND: DELETE /session/d93c340144f920df71bc9ef35db87894 - {}
RESULT: {}
]]></system-out>
      <system-err><![CDATA[
no such window: no such window: target window already closed
from unknown error: web view not found
  (Session info: chrome=126.0.6478.127)
    at process.processTicksAndRejections (node:internal/process/task_queues:95:5)
    at async DetailPage.Scroll_WaitForExist (file:///C:/Users/ahsham.khan/Desktop/WebDriver/BayutVisuals/test/pageobjects/page.js:47:6)
    at async DetailPage.ViewRegulatoryInfo (file:///C:/Users/ahsham.khan/Desktop/WebDriver/BayutVisuals/test/pageobjects/detail.page.js:133:9)
    at async Context.<anonymous> (file:///C:/Users/ahsham.khan/Desktop/WebDriver/BayutVisuals/test/specs/DetailPage.specs.js:136:9)
]]></system-err>
    </testcase>
  </testsuite>
</testsuites>