<?xml version="1.0" encoding="UTF-8"?>
<testsuites tests="2" failures="2" errors="0" skipped="0">
  <testsuite name="FloorPlan Suite" timestamp="2025-03-20T10:57:11" time="30.602" tests="2" failures="2" errors="0" skipped="0">
    <properties>
      <property name="specId" value="0"/>
      <property name="suiteName" value="FloorPlan Suite"/>
      <property name="capabilities" value="chrome.134_0_6998_118.mac"/>
      <property name="file" value="file://./test/specs/floorPlan.specs.js"/>
    </properties>
    <testcase classname="chrome.134_0_6998_118.mac.FloorPlan_Suite" name="TC1" time="15.133">
      <failure message="Page did not fully load before capturing screenshot"/>
      <system-out><![CDATA[
COMMAND: POST /session/a50356caba0afc1e820bc728240afae1/window/maximize - {}
RESULT: {}
COMMAND: POST /session/a50356caba0afc1e820bc728240afae1/element - {"using":"xpath","value":"//input[@name=\"username\"]"}
RESULT: {"using":"xpath","value":"//input[@name=\"username\"]"}
COMMAND: GET /session/a50356caba0afc1e820bc728240afae1/element/f.F4E0F854E78082E5E490C30D0824C1E0.d.E6815A8AAE8E1681AB862FCEB9C86688.e.5/css/display - {}
RESULT: {}
COMMAND: POST /session/a50356caba0afc1e820bc728240afae1/element/f.F4E0F854E78082E5E490C30D0824C1E0.d.E6815A8AAE8E1681AB862FCEB9C86688.e.5/clear - {}
RESULT: {}
COMMAND: POST /session/a50356caba0afc1e820bc728240afae1/element/f.F4E0F854E78082E5E490C30D0824C1E0.d.E6815A8AAE8E1681AB862FCEB9C86688.e.5/value - {"text":"sl"}
RESULT: {"text":"sl"}
COMMAND: POST /session/a50356caba0afc1e820bc728240afae1/element/f.F4E0F854E78082E5E490C30D0824C1E0.d.E6815A8AAE8E1681AB862FCEB9C86688.e.6/clear - {}
RESULT: {}
COMMAND: POST /session/a50356caba0afc1e820bc728240afae1/element/f.F4E0F854E78082E5E490C30D0824C1E0.d.E6815A8AAE8E1681AB862FCEB9C86688.e.6/value - {"text":"getin1"}
RESULT: {"text":"getin1"}
COMMAND: POST /session/a50356caba0afc1e820bc728240afae1/element/f.F4E0F854E78082E5E490C30D0824C1E0.d.E6815A8AAE8E1681AB862FCEB9C86688.e.7/click - {}
RESULT: {}
]]></system-out>
      <system-err><![CDATA[
Error: Page did not fully load before capturing screenshot
    at async Floorplan.compareEnvironments (file:///Users/ahshamkhan/Desktop/Webdriver.io/Automated-Visual-Regression-Tests/test/pageobjects/page.js:127:5)
    at async Context.<anonymous> (file:///Users/ahshamkhan/Desktop/Webdriver.io/Automated-Visual-Regression-Tests/test/specs/floorPlan.specs.js:15:8)
]]></system-err>
    </testcase>
    <testcase classname="chrome.134_0_6998_118.mac.FloorPlan_Suite" name="TC2" time="15.455">
      <failure message="Can't call scrollIntoView on element with selector &quot;//h2[text()=&quot;UAE Location List&quot;]&quot; because element wasn't found"/>
      <system-out><![CDATA[
COMMAND: POST /session/a50356caba0afc1e820bc728240afae1/window/maximize - {}
RESULT: {}
COMMAND: POST /session/a50356caba0afc1e820bc728240afae1/element - {"using":"xpath","value":"//input[@name=\"username\"]"}
RESULT: {"using":"xpath","value":"//input[@name=\"username\"]"}
COMMAND: GET /session/a50356caba0afc1e820bc728240afae1/element/f.F4E0F854E78082E5E490C30D0824C1E0.d.3CCA2EDE50ED41CE57D4BA1D2909F2B9.e.65/css/display - {}
RESULT: {}
COMMAND: POST /session/a50356caba0afc1e820bc728240afae1/element/f.F4E0F854E78082E5E490C30D0824C1E0.d.3CCA2EDE50ED41CE57D4BA1D2909F2B9.e.65/clear - {}
RESULT: {}
COMMAND: POST /session/a50356caba0afc1e820bc728240afae1/element/f.F4E0F854E78082E5E490C30D0824C1E0.d.3CCA2EDE50ED41CE57D4BA1D2909F2B9.e.65/value - {"text":"sl"}
RESULT: {"text":"sl"}
COMMAND: POST /session/a50356caba0afc1e820bc728240afae1/element/f.F4E0F854E78082E5E490C30D0824C1E0.d.3CCA2EDE50ED41CE57D4BA1D2909F2B9.e.66/clear - {}
RESULT: {}
COMMAND: POST /session/a50356caba0afc1e820bc728240afae1/element/f.F4E0F854E78082E5E490C30D0824C1E0.d.3CCA2EDE50ED41CE57D4BA1D2909F2B9.e.66/value - {"text":"getin1"}
RESULT: {"text":"getin1"}
COMMAND: POST /session/a50356caba0afc1e820bc728240afae1/element/f.F4E0F854E78082E5E490C30D0824C1E0.d.3CCA2EDE50ED41CE57D4BA1D2909F2B9.e.67/click - {}
RESULT: {}
COMMAND: GET /session/a50356caba0afc1e820bc728240afae1/element/f.F4E0F854E78082E5E490C30D0824C1E0.d.11FB7ADF6B3EBDD3CB94AE808455C16E.e.92/rect - {}
RESULT: {}
COMMAND: GET /session/a50356caba0afc1e820bc728240afae1/window/rect - {}
RESULT: {}
COMMAND: POST /session/a50356caba0afc1e820bc728240afae1/actions - {"actions":[{"id":"action1","type":"wheel","parameters":{},"actions":[{"type":"scroll","x":-1267,"y":3079,"deltaX":0,"deltaY":0,"duration":0,"origin":{"element-6066-11e4-a52e-4f735466cecf":"f.F4E0F854E78082E5E490C30D0824C1E0.d.11FB7ADF6B3EBDD3CB94AE808455C16E.e.92"}}]}]}
RESULT: {"actions":[{"id":"action1","type":"wheel","parameters":{},"actions":[{"type":"scroll","x":-1267,"y":3079,"deltaX":0,"deltaY":0,"duration":0,"origin":{"element-6066-11e4-a52e-4f735466cecf":"f.F4E0F854E78082E5E490C30D0824C1E0.d.11FB7ADF6B3EBDD3CB94AE808455C16E.e.92"}}]}]}
COMMAND: GET /session/a50356caba0afc1e820bc728240afae1/screenshot - {}
RESULT: {}
RESULT: undefined
COMMAND: POST /session/a50356caba0afc1e820bc728240afae1/window/maximize - {}
RESULT: {}
COMMAND: POST /session/a50356caba0afc1e820bc728240afae1/element - {"using":"xpath","value":"//h2[text()=\"UAE Location List\"]"}
RESULT: {"using":"xpath","value":"//h2[text()=\"UAE Location List\"]"}
COMMAND: DELETE /session/a50356caba0afc1e820bc728240afae1 - {}
RESULT: {}
]]></system-out>
      <system-err><![CDATA[
Error: Can't call scrollIntoView on element with selector "//h2[text()="UAE Location List"]" because element wasn't found
    at async Floorplan.ScrollElement (file:///Users/ahshamkhan/Desktop/Webdriver.io/Automated-Visual-Regression-Tests/test/pageobjects/page.js:81:9)
    at async Floorplan.verifyUaeLocLists (file:///Users/ahshamkhan/Desktop/Webdriver.io/Automated-Visual-Regression-Tests/test/pageobjects/floorplan.page.js:16:9)
    at async file:///Users/ahshamkhan/Desktop/Webdriver.io/Automated-Visual-Regression-Tests/test/specs/floorPlan.specs.js:18:126
    at async Floorplan.compareEnvironments (file:///Users/ahshamkhan/Desktop/Webdriver.io/Automated-Visual-Regression-Tests/test/pageobjects/page.js:137:21)
    at async Context.<anonymous> (file:///Users/ahshamkhan/Desktop/Webdriver.io/Automated-Visual-Regression-Tests/test/specs/floorPlan.specs.js:18:9)
]]></system-err>
    </testcase>
  </testsuite>
</testsuites>